<?xml version="1.0" encoding="UTF-8"?>
<!-- Generated by org.testng.reporters.JUnitReportReporter -->
<testsuite hostname="DESKTOP-DJ4FDME" failures="0" tests="6" name="testNGDemo.FirstScenario" time="0.022" errors="0" timestamp="2024-01-27T08:57:09 IST" skipped="0">
  <testcase classname="testNGDemo.FirstScenario" name="third_testcase" time="0.007"/>
  <testcase classname="testNGDemo.FirstScenario" name="fifth_testcase" time="0.006"/>
  <testcase classname="testNGDemo.FirstScenario" name="forth_testcase" time="0.001"/>
  <testcase classname="testNGDemo.FirstScenario" name="first_testcase" time="0.002"/>
  <testcase classname="testNGDemo.FirstScenario" name="second_testcase" time="0.002"/>
  <testcase classname="testNGDemo.FirstScenario" name="sixth_testcase" time="0.004"/>
</testsuite> <!-- testNGDemo.FirstScenario -->
