<?xml version="1.0" encoding="UTF-8"?>
<!-- Generated by org.testng.reporters.JUnitReportReporter -->
<testsuite hostname="DESKTOP-DJ4FDME" failures="0" tests="1" name="testNGDemo.FirstScenario3" time="0.015" errors="0" timestamp="2024-01-27T09:18:09 IST" skipped="0">
  <testcase classname="testNGDemo.FirstScenario3" name="third_testcase" time="0.015"/>
</testsuite> <!-- testNGDemo.FirstScenario3 -->
