<?xml version="1.0" encoding="UTF-8"?>
<!-- Generated by org.testng.reporters.JUnitReportReporter -->
<testsuite hostname="DESKTOP-DJ4FDME" failures="0" tests="3" name="org.wipro.automation.uo.testCases.LoginScenario_DDF" time="15.593" errors="0" timestamp="2024-02-10T09:08:07 IST" skipped="0">
  <testcase classname="org.wipro.automation.uo.testCases.LoginScenario_DDF" name="tc001_validate_login_functionality" time="6.313"/>
  <testcase classname="org.wipro.automation.uo.testCases.LoginScenario_DDF" name="tc001_validate_login_functionality" time="4.667"/>
  <testcase classname="org.wipro.automation.uo.testCases.LoginScenario_DDF" name="tc001_validate_login_functionality" time="4.613"/>
</testsuite> <!-- org.wipro.automation.uo.testCases.LoginScenario_DDF -->
