<?xml version="1.0" encoding="UTF-8"?>
<!-- Generated by org.testng.reporters.JUnitReportReporter -->
<testsuite hostname="DESKTOP-DJ4FDME" failures="0" tests="4" name="org.xyz.automation.HandleKeyboardMouse" time="17.177" errors="0" timestamp="2024-02-09T08:41:47 IST" skipped="2">
  <testcase classname="org.xyz.automation.HandleKeyboardMouse" name="handleAlerts" time="6.938"/>
  <testcase classname="org.xyz.automation.HandleKeyboardMouse" name="handleframes" time="10.239"/>
  <testcase classname="org.xyz.automation.HandleKeyboardMouse" name="handleMouse">
    <skipped/>
  </testcase> <!-- handleMouse -->
  <testcase classname="org.xyz.automation.HandleKeyboardMouse" name="handlekeybords">
    <skipped/>
  </testcase> <!-- handlekeybords -->
</testsuite> <!-- org.xyz.automation.HandleKeyboardMouse -->
