<?xml version="1.0" encoding="UTF-8"?>
<!-- Generated by org.testng.reporters.JUnitReportReporter -->
<testsuite hostname="DESKTOP-DJ4FDME" failures="0" tests="1" name="testNGDemo.FirstScenario4" time="0.001" errors="0" timestamp="2024-01-27T09:18:09 IST" skipped="0">
  <testcase classname="testNGDemo.FirstScenario4" name="third_testcase" time="0.001"/>
</testsuite> <!-- testNGDemo.FirstScenario4 -->
