<?xml version="1.0" encoding="UTF-8"?>
<!-- Generated by org.testng.reporters.JUnitReportReporter -->
<testsuite hostname="DESKTOP-DJ4FDME" failures="0" tests="2" name="org.xyz.automation.FirstAutomation" time="14.147" errors="0" timestamp="2024-02-03T09:05:43 IST" skipped="0">
  <testcase classname="org.xyz.automation.FirstAutomation" name="signupFunc" time="7.735"/>
  <testcase classname="org.xyz.automation.FirstAutomation" name="loginfunc" time="6.412"/>
</testsuite> <!-- org.xyz.automation.FirstAutomation -->
