<?xml version="1.0" encoding="UTF-8"?>
<!-- Generated by org.testng.reporters.JUnitReportReporter -->
<testsuite hostname="DESKTOP-DJ4FDME" failures="0" tests="6" name="testNGDemo.FirstScenario7" time="0.036" errors="0" timestamp="2024-01-27T08:57:09 IST" skipped="0">
  <testcase classname="testNGDemo.FirstScenario7" name="second_testcase" time="0.002"/>
  <testcase classname="testNGDemo.FirstScenario7" name="fifth_testcase" time="0.021"/>
  <testcase classname="testNGDemo.FirstScenario7" name="sixth_testcase" time="0.003"/>
  <testcase classname="testNGDemo.FirstScenario7" name="forth_testcase" time="0.003"/>
  <testcase classname="testNGDemo.FirstScenario7" name="first_testcase" time="0.004"/>
  <testcase classname="testNGDemo.FirstScenario7" name="third_testcase" time="0.003"/>
</testsuite> <!-- testNGDemo.FirstScenario7 -->
