<?xml version="1.0" encoding="UTF-8"?>
<!-- Generated by org.testng.reporters.JUnitReportReporter -->
<testsuite hostname="DESKTOP-DJ4FDME" failures="0" tests="6" name="testNGDemo.FirstScenario10" time="0.014" errors="0" timestamp="2024-01-27T08:57:08 IST" skipped="0">
  <testcase classname="testNGDemo.FirstScenario10" name="fifth_testcase" time="0.001"/>
  <testcase classname="testNGDemo.FirstScenario10" name="second_testcase" time="0.004"/>
  <testcase classname="testNGDemo.FirstScenario10" name="forth_testcase" time="0.002"/>
  <testcase classname="testNGDemo.FirstScenario10" name="first_testcase" time="0.001"/>
  <testcase classname="testNGDemo.FirstScenario10" name="third_testcase" time="0.003"/>
  <testcase classname="testNGDemo.FirstScenario10" name="sixth_testcase" time="0.003"/>
</testsuite> <!-- testNGDemo.FirstScenario10 -->
