<?xml version="1.0" encoding="UTF-8"?>
<!-- Generated by org.testng.reporters.JUnitReportReporter -->
<testsuite hostname="DESKTOP-DJ4FDME" failures="0" tests="1" name="org.xyz.automation.BrowserControl" time="36.398" errors="0" timestamp="2024-02-01T08:46:25 IST" skipped="0">
  <testcase classname="org.xyz.automation.BrowserControl" name="browserfeatures" time="36.398"/>
</testsuite> <!-- org.xyz.automation.BrowserControl -->
