<?xml version="1.0" encoding="UTF-8"?>
<!-- Generated by org.testng.reporters.JUnitReportReporter -->
<testsuite hostname="DESKTOP-DJ4FDME" failures="0" tests="1" name="org.wipro.automation.uo.testCases.SignupScenario" time="6.544" errors="0" timestamp="2024-02-10T09:18:59 IST" skipped="0">
  <testcase classname="org.wipro.automation.uo.testCases.SignupScenario" name="tc005_validate_signup_functionality" time="6.544"/>
</testsuite> <!-- org.wipro.automation.uo.testCases.SignupScenario -->
