<?xml version="1.0" encoding="UTF-8"?>
<!-- Generated by org.testng.reporters.JUnitReportReporter -->
<testsuite hostname="DESKTOP-DJ4FDME" failures="0" tests="6" name="testNGDemo.FirstScenario5" time="0.011" errors="0" timestamp="2024-01-27T08:57:09 IST" skipped="0">
  <testcase classname="testNGDemo.FirstScenario5" name="sixth_testcase" time="0.001"/>
  <testcase classname="testNGDemo.FirstScenario5" name="second_testcase" time="0.004"/>
  <testcase classname="testNGDemo.FirstScenario5" name="fifth_testcase" time="0.002"/>
  <testcase classname="testNGDemo.FirstScenario5" name="third_testcase" time="0.000"/>
  <testcase classname="testNGDemo.FirstScenario5" name="forth_testcase" time="0.003"/>
  <testcase classname="testNGDemo.FirstScenario5" name="first_testcase" time="0.001"/>
</testsuite> <!-- testNGDemo.FirstScenario5 -->
