<?xml version="1.0" encoding="UTF-8"?>
<!-- Generated by org.testng.reporters.JUnitReportReporter -->
<testsuite hostname="DESKTOP-DJ4FDME" failures="0" tests="1" name="org.wipro.automation.uo.testCases.SignInScenario" time="23.687" errors="0" timestamp="2024-02-17T09:37:34 IST" skipped="0">
  <testcase classname="org.wipro.automation.uo.testCases.SignInScenario" name="tc001_validate_signin_functionality" time="23.687"/>
</testsuite> <!-- org.wipro.automation.uo.testCases.SignInScenario -->
