<?xml version="1.0" encoding="UTF-8"?>
<!-- Generated by org.testng.reporters.JUnitReportReporter -->
<testsuite hostname="DESKTOP-DJ4FDME" failures="0" tests="1" name="org.wipro.automation.uo.testCases.LoginScenario" time="6.112" errors="0" timestamp="2024-02-10T08:58:34 IST" skipped="0">
  <testcase classname="org.wipro.automation.uo.testCases.LoginScenario" name="tc001_validate_login_functionality" time="6.112"/>
</testsuite> <!-- org.wipro.automation.uo.testCases.LoginScenario -->
